  [1m[36m (1.7ms)[0m  [1mCREATE TABLE "schema_migrations" ("version" varchar NOT NULL) [0m
  [1m[35m (0.1ms)[0m  select sqlite_version(*)
  [1m[36m (1.6ms)[0m  [1mCREATE UNIQUE INDEX "unique_schema_migrations" ON "schema_migrations" ("version")[0m
  [1m[35mActiveRecord::SchemaMigration Load (0.1ms)[0m  SELECT "schema_migrations".* FROM "schema_migrations"


Started GET "/" for ::1 at 2015-11-17 17:47:54 -0600
Processing by Rails::WelcomeController#index as HTML
  Rendered /Users/admin/.rvm/gems/ruby-2.1.2/gems/railties-4.2.3/lib/rails/templates/rails/welcome/index.html.erb (2.8ms)
Completed 200 OK in 27ms (Views: 19.4ms | ActiveRecord: 0.0ms)
  [1m[36mActiveRecord::SchemaMigration Load (0.1ms)[0m  [1mSELECT "schema_migrations".* FROM "schema_migrations"[0m
Migrating to CreateStudents (1)
  [1m[35m (0.1ms)[0m  begin transaction
  [1m[36m (0.4ms)[0m  [1mCREATE TABLE "students" ("id" INTEGER PRIMARY KEY AUTOINCREMENT NOT NULL, "first_name" varchar, "last_name" varchar, "created_at" datetime NOT NULL, "updated_at" datetime NOT NULL) [0m
  [1m[35mSQL (0.3ms)[0m  INSERT INTO "schema_migrations" ("version") VALUES (?)  [["version", "1"]]
  [1m[36m (1.4ms)[0m  [1mcommit transaction[0m
  [1m[35mActiveRecord::SchemaMigration Load (0.1ms)[0m  SELECT "schema_migrations".* FROM "schema_migrations"
  [1m[36m (0.1ms)[0m  [1mbegin transaction[0m
  [1m[35mSQL (0.3ms)[0m  INSERT INTO "students" ("first_name", "last_name", "created_at", "updated_at") VALUES (?, ?, ?, ?)  [["first_name", "Jordan"], ["last_name", "Hudgens"], ["created_at", "2015-11-18 00:10:55.545365"], ["updated_at", "2015-11-18 00:10:55.545365"]]
  [1m[36m (2.9ms)[0m  [1mcommit transaction[0m
  [1m[35mStudent Load (0.2ms)[0m  SELECT  "students".* FROM "students"  ORDER BY "students"."id" DESC LIMIT 1
  [1m[36m (0.1ms)[0m  [1mbegin transaction[0m
  [1m[35mSQL (0.3ms)[0m  INSERT INTO "students" ("created_at", "updated_at") VALUES (?, ?)  [["created_at", "2015-11-18 00:17:49.095449"], ["updated_at", "2015-11-18 00:17:49.095449"]]
  [1m[36m (1.2ms)[0m  [1mcommit transaction[0m
  [1m[35mStudent Load (0.2ms)[0m  SELECT  "students".* FROM "students"  ORDER BY "students"."id" DESC LIMIT 1
  [1m[36mActiveRecord::SchemaMigration Load (0.1ms)[0m  [1mSELECT "schema_migrations".* FROM "schema_migrations"[0m
  [1m[35mActiveRecord::SchemaMigration Load (0.1ms)[0m  SELECT "schema_migrations".* FROM "schema_migrations"


Started GET "/" for ::1 at 2015-11-18 13:36:42 -0600
  [1m[36mActiveRecord::SchemaMigration Load (0.1ms)[0m  [1mSELECT "schema_migrations".* FROM "schema_migrations"[0m
Processing by Rails::WelcomeController#index as HTML
  Rendered /Users/admin/.rvm/gems/ruby-2.1.2/gems/railties-4.2.3/lib/rails/templates/rails/welcome/index.html.erb (2.4ms)
Completed 200 OK in 39ms (Views: 24.5ms | ActiveRecord: 0.0ms)


Started GET "/" for ::1 at 2015-11-18 13:37:10 -0600
Processing by Rails::WelcomeController#index as HTML
  Rendered /Users/admin/.rvm/gems/ruby-2.1.2/gems/railties-4.2.3/lib/rails/templates/rails/welcome/index.html.erb (0.0ms)
Completed 200 OK in 1ms (Views: 0.7ms | ActiveRecord: 0.0ms)
  [1m[36mActiveRecord::SchemaMigration Load (0.5ms)[0m  [1mSELECT "schema_migrations".* FROM "schema_migrations"[0m
  [1m[35mActiveRecord::SchemaMigration Load (0.1ms)[0m  SELECT "schema_migrations".* FROM "schema_migrations"
  [1m[36mStudent Load (0.4ms)[0m  [1mSELECT  "students".* FROM "students"  ORDER BY "students"."id" DESC LIMIT 1[0m
  [1m[35mStudent Load (0.2ms)[0m  SELECT  "students".* FROM "students"  ORDER BY "students"."id" DESC LIMIT 1
  [1m[36m (0.1ms)[0m  [1mbegin transaction[0m
  [1m[35mSQL (0.6ms)[0m  DELETE FROM "students" WHERE "students"."id" = ?  [["id", 2]]
  [1m[36m (1.6ms)[0m  [1mcommit transaction[0m
  [1m[35mStudent Load (0.2ms)[0m  SELECT "students".* FROM "students"
DEPRECATION WARNING: Static attributes will be removed in FactoryBot 5.0. Please use dynamic
attributes instead by wrapping the attribute value in a block:

title { "Computer Science" }

To automatically update from static attributes to dynamic ones,
install rubocop-rspec and run:

rubocop \
  --require rubocop-rspec \
  --only FactoryBot/AttributeDefinedStatically \
  --auto-correct

. (called from block (2 levels) in <top (required)> at /Users/Austin_MacBook/Development/Flatiron-Official/Module-2/Rails/rails-form_for-lab-houston-web-111918/spec/factories/school_classes.rb:3)
DEPRECATION WARNING: Static attributes will be removed in FactoryBot 5.0. Please use dynamic
attributes instead by wrapping the attribute value in a block:

room_number { 5 }

To automatically update from static attributes to dynamic ones,
install rubocop-rspec and run:

rubocop \
  --require rubocop-rspec \
  --only FactoryBot/AttributeDefinedStatically \
  --auto-correct

. (called from block (2 levels) in <top (required)> at /Users/Austin_MacBook/Development/Flatiron-Official/Module-2/Rails/rails-form_for-lab-houston-web-111918/spec/factories/school_classes.rb:4)
DEPRECATION WARNING: Static attributes will be removed in FactoryBot 5.0. Please use dynamic
attributes instead by wrapping the attribute value in a block:

first_name { "Daenerys" }

To automatically update from static attributes to dynamic ones,
install rubocop-rspec and run:

rubocop \
  --require rubocop-rspec \
  --only FactoryBot/AttributeDefinedStatically \
  --auto-correct

. (called from block (2 levels) in <top (required)> at /Users/Austin_MacBook/Development/Flatiron-Official/Module-2/Rails/rails-form_for-lab-houston-web-111918/spec/factories/students.rb:3)
DEPRECATION WARNING: Static attributes will be removed in FactoryBot 5.0. Please use dynamic
attributes instead by wrapping the attribute value in a block:

last_name { "Targaryen" }

To automatically update from static attributes to dynamic ones,
install rubocop-rspec and run:

rubocop \
  --require rubocop-rspec \
  --only FactoryBot/AttributeDefinedStatically \
  --auto-correct

. (called from block (2 levels) in <top (required)> at /Users/Austin_MacBook/Development/Flatiron-Official/Module-2/Rails/rails-form_for-lab-houston-web-111918/spec/factories/students.rb:4)
DEPRECATION WARNING: Static attributes will be removed in FactoryBot 5.0. Please use dynamic
attributes instead by wrapping the attribute value in a block:

title { "Computer Science" }

To automatically update from static attributes to dynamic ones,
install rubocop-rspec and run:

rubocop \
  --require rubocop-rspec \
  --only FactoryBot/AttributeDefinedStatically \
  --auto-correct

. (called from block (2 levels) in <top (required)> at /Users/Austin_MacBook/Development/Flatiron-Official/Module-2/Rails/rails-form_for-lab-houston-web-111918/spec/factories/school_classes.rb:3)
DEPRECATION WARNING: Static attributes will be removed in FactoryBot 5.0. Please use dynamic
attributes instead by wrapping the attribute value in a block:

room_number { 5 }

To automatically update from static attributes to dynamic ones,
install rubocop-rspec and run:

rubocop \
  --require rubocop-rspec \
  --only FactoryBot/AttributeDefinedStatically \
  --auto-correct

. (called from block (2 levels) in <top (required)> at /Users/Austin_MacBook/Development/Flatiron-Official/Module-2/Rails/rails-form_for-lab-houston-web-111918/spec/factories/school_classes.rb:4)
DEPRECATION WARNING: Static attributes will be removed in FactoryBot 5.0. Please use dynamic
attributes instead by wrapping the attribute value in a block:

first_name { "Daenerys" }

To automatically update from static attributes to dynamic ones,
install rubocop-rspec and run:

rubocop \
  --require rubocop-rspec \
  --only FactoryBot/AttributeDefinedStatically \
  --auto-correct

. (called from block (2 levels) in <top (required)> at /Users/Austin_MacBook/Development/Flatiron-Official/Module-2/Rails/rails-form_for-lab-houston-web-111918/spec/factories/students.rb:3)
DEPRECATION WARNING: Static attributes will be removed in FactoryBot 5.0. Please use dynamic
attributes instead by wrapping the attribute value in a block:

last_name { "Targaryen" }

To automatically update from static attributes to dynamic ones,
install rubocop-rspec and run:

rubocop \
  --require rubocop-rspec \
  --only FactoryBot/AttributeDefinedStatically \
  --auto-correct

. (called from block (2 levels) in <top (required)> at /Users/Austin_MacBook/Development/Flatiron-Official/Module-2/Rails/rails-form_for-lab-houston-web-111918/spec/factories/students.rb:4)
DEPRECATION WARNING: Static attributes will be removed in FactoryBot 5.0. Please use dynamic
attributes instead by wrapping the attribute value in a block:

title { "Computer Science" }

To automatically update from static attributes to dynamic ones,
install rubocop-rspec and run:

rubocop \
  --require rubocop-rspec \
  --only FactoryBot/AttributeDefinedStatically \
  --auto-correct

. (called from block (2 levels) in <top (required)> at /Users/Austin_MacBook/Development/Flatiron-Official/Module-2/Rails/rails-form_for-lab-houston-web-111918/spec/factories/school_classes.rb:3)
DEPRECATION WARNING: Static attributes will be removed in FactoryBot 5.0. Please use dynamic
attributes instead by wrapping the attribute value in a block:

room_number { 5 }

To automatically update from static attributes to dynamic ones,
install rubocop-rspec and run:

rubocop \
  --require rubocop-rspec \
  --only FactoryBot/AttributeDefinedStatically \
  --auto-correct

. (called from block (2 levels) in <top (required)> at /Users/Austin_MacBook/Development/Flatiron-Official/Module-2/Rails/rails-form_for-lab-houston-web-111918/spec/factories/school_classes.rb:4)
DEPRECATION WARNING: Static attributes will be removed in FactoryBot 5.0. Please use dynamic
attributes instead by wrapping the attribute value in a block:

first_name { "Daenerys" }

To automatically update from static attributes to dynamic ones,
install rubocop-rspec and run:

rubocop \
  --require rubocop-rspec \
  --only FactoryBot/AttributeDefinedStatically \
  --auto-correct

. (called from block (2 levels) in <top (required)> at /Users/Austin_MacBook/Development/Flatiron-Official/Module-2/Rails/rails-form_for-lab-houston-web-111918/spec/factories/students.rb:3)
DEPRECATION WARNING: Static attributes will be removed in FactoryBot 5.0. Please use dynamic
attributes instead by wrapping the attribute value in a block:

last_name { "Targaryen" }

To automatically update from static attributes to dynamic ones,
install rubocop-rspec and run:

rubocop \
  --require rubocop-rspec \
  --only FactoryBot/AttributeDefinedStatically \
  --auto-correct

. (called from block (2 levels) in <top (required)> at /Users/Austin_MacBook/Development/Flatiron-Official/Module-2/Rails/rails-form_for-lab-houston-web-111918/spec/factories/students.rb:4)
DEPRECATION WARNING: Static attributes will be removed in FactoryBot 5.0. Please use dynamic
attributes instead by wrapping the attribute value in a block:

title { "Computer Science" }

To automatically update from static attributes to dynamic ones,
install rubocop-rspec and run:

rubocop \
  --require rubocop-rspec \
  --only FactoryBot/AttributeDefinedStatically \
  --auto-correct

. (called from block (2 levels) in <top (required)> at /Users/Austin_MacBook/Development/Flatiron-Official/Module-2/Rails/rails-form_for-lab-houston-web-111918/spec/factories/school_classes.rb:3)
DEPRECATION WARNING: Static attributes will be removed in FactoryBot 5.0. Please use dynamic
attributes instead by wrapping the attribute value in a block:

room_number { 5 }

To automatically update from static attributes to dynamic ones,
install rubocop-rspec and run:

rubocop \
  --require rubocop-rspec \
  --only FactoryBot/AttributeDefinedStatically \
  --auto-correct

. (called from block (2 levels) in <top (required)> at /Users/Austin_MacBook/Development/Flatiron-Official/Module-2/Rails/rails-form_for-lab-houston-web-111918/spec/factories/school_classes.rb:4)
DEPRECATION WARNING: Static attributes will be removed in FactoryBot 5.0. Please use dynamic
attributes instead by wrapping the attribute value in a block:

first_name { "Daenerys" }

To automatically update from static attributes to dynamic ones,
install rubocop-rspec and run:

rubocop \
  --require rubocop-rspec \
  --only FactoryBot/AttributeDefinedStatically \
  --auto-correct

. (called from block (2 levels) in <top (required)> at /Users/Austin_MacBook/Development/Flatiron-Official/Module-2/Rails/rails-form_for-lab-houston-web-111918/spec/factories/students.rb:3)
DEPRECATION WARNING: Static attributes will be removed in FactoryBot 5.0. Please use dynamic
attributes instead by wrapping the attribute value in a block:

last_name { "Targaryen" }

To automatically update from static attributes to dynamic ones,
install rubocop-rspec and run:

rubocop \
  --require rubocop-rspec \
  --only FactoryBot/AttributeDefinedStatically \
  --auto-correct

. (called from block (2 levels) in <top (required)> at /Users/Austin_MacBook/Development/Flatiron-Official/Module-2/Rails/rails-form_for-lab-houston-web-111918/spec/factories/students.rb:4)
DEPRECATION WARNING: Static attributes will be removed in FactoryBot 5.0. Please use dynamic
attributes instead by wrapping the attribute value in a block:

title { "Computer Science" }

To automatically update from static attributes to dynamic ones,
install rubocop-rspec and run:

rubocop \
  --require rubocop-rspec \
  --only FactoryBot/AttributeDefinedStatically \
  --auto-correct

. (called from block (2 levels) in <top (required)> at /Users/Austin_MacBook/Development/Flatiron-Official/Module-2/Rails/rails-form_for-lab-houston-web-111918/spec/factories/school_classes.rb:3)
DEPRECATION WARNING: Static attributes will be removed in FactoryBot 5.0. Please use dynamic
attributes instead by wrapping the attribute value in a block:

room_number { 5 }

To automatically update from static attributes to dynamic ones,
install rubocop-rspec and run:

rubocop \
  --require rubocop-rspec \
  --only FactoryBot/AttributeDefinedStatically \
  --auto-correct

. (called from block (2 levels) in <top (required)> at /Users/Austin_MacBook/Development/Flatiron-Official/Module-2/Rails/rails-form_for-lab-houston-web-111918/spec/factories/school_classes.rb:4)
DEPRECATION WARNING: Static attributes will be removed in FactoryBot 5.0. Please use dynamic
attributes instead by wrapping the attribute value in a block:

first_name { "Daenerys" }

To automatically update from static attributes to dynamic ones,
install rubocop-rspec and run:

rubocop \
  --require rubocop-rspec \
  --only FactoryBot/AttributeDefinedStatically \
  --auto-correct

. (called from block (2 levels) in <top (required)> at /Users/Austin_MacBook/Development/Flatiron-Official/Module-2/Rails/rails-form_for-lab-houston-web-111918/spec/factories/students.rb:3)
DEPRECATION WARNING: Static attributes will be removed in FactoryBot 5.0. Please use dynamic
attributes instead by wrapping the attribute value in a block:

last_name { "Targaryen" }

To automatically update from static attributes to dynamic ones,
install rubocop-rspec and run:

rubocop \
  --require rubocop-rspec \
  --only FactoryBot/AttributeDefinedStatically \
  --auto-correct

. (called from block (2 levels) in <top (required)> at /Users/Austin_MacBook/Development/Flatiron-Official/Module-2/Rails/rails-form_for-lab-houston-web-111918/spec/factories/students.rb:4)
DEPRECATION WARNING: Static attributes will be removed in FactoryBot 5.0. Please use dynamic
attributes instead by wrapping the attribute value in a block:

title { "Computer Science" }

To automatically update from static attributes to dynamic ones,
install rubocop-rspec and run:

rubocop \
  --require rubocop-rspec \
  --only FactoryBot/AttributeDefinedStatically \
  --auto-correct

. (called from block (2 levels) in <top (required)> at /Users/Austin_MacBook/Development/Flatiron-Official/Module-2/Rails/rails-form_for-lab-houston-web-111918/spec/factories/school_classes.rb:3)
DEPRECATION WARNING: Static attributes will be removed in FactoryBot 5.0. Please use dynamic
attributes instead by wrapping the attribute value in a block:

room_number { 5 }

To automatically update from static attributes to dynamic ones,
install rubocop-rspec and run:

rubocop \
  --require rubocop-rspec \
  --only FactoryBot/AttributeDefinedStatically \
  --auto-correct

. (called from block (2 levels) in <top (required)> at /Users/Austin_MacBook/Development/Flatiron-Official/Module-2/Rails/rails-form_for-lab-houston-web-111918/spec/factories/school_classes.rb:4)
DEPRECATION WARNING: Static attributes will be removed in FactoryBot 5.0. Please use dynamic
attributes instead by wrapping the attribute value in a block:

first_name { "Daenerys" }

To automatically update from static attributes to dynamic ones,
install rubocop-rspec and run:

rubocop \
  --require rubocop-rspec \
  --only FactoryBot/AttributeDefinedStatically \
  --auto-correct

. (called from block (2 levels) in <top (required)> at /Users/Austin_MacBook/Development/Flatiron-Official/Module-2/Rails/rails-form_for-lab-houston-web-111918/spec/factories/students.rb:3)
DEPRECATION WARNING: Static attributes will be removed in FactoryBot 5.0. Please use dynamic
attributes instead by wrapping the attribute value in a block:

last_name { "Targaryen" }

To automatically update from static attributes to dynamic ones,
install rubocop-rspec and run:

rubocop \
  --require rubocop-rspec \
  --only FactoryBot/AttributeDefinedStatically \
  --auto-correct

. (called from block (2 levels) in <top (required)> at /Users/Austin_MacBook/Development/Flatiron-Official/Module-2/Rails/rails-form_for-lab-houston-web-111918/spec/factories/students.rb:4)
DEPRECATION WARNING: Static attributes will be removed in FactoryBot 5.0. Please use dynamic
attributes instead by wrapping the attribute value in a block:

title { "Computer Science" }

To automatically update from static attributes to dynamic ones,
install rubocop-rspec and run:

rubocop \
  --require rubocop-rspec \
  --only FactoryBot/AttributeDefinedStatically \
  --auto-correct

. (called from block (2 levels) in <top (required)> at /Users/Austin_MacBook/Development/Flatiron-Official/Module-2/Rails/rails-form_for-lab-houston-web-111918/spec/factories/school_classes.rb:3)
DEPRECATION WARNING: Static attributes will be removed in FactoryBot 5.0. Please use dynamic
attributes instead by wrapping the attribute value in a block:

room_number { 5 }

To automatically update from static attributes to dynamic ones,
install rubocop-rspec and run:

rubocop \
  --require rubocop-rspec \
  --only FactoryBot/AttributeDefinedStatically \
  --auto-correct

. (called from block (2 levels) in <top (required)> at /Users/Austin_MacBook/Development/Flatiron-Official/Module-2/Rails/rails-form_for-lab-houston-web-111918/spec/factories/school_classes.rb:4)
DEPRECATION WARNING: Static attributes will be removed in FactoryBot 5.0. Please use dynamic
attributes instead by wrapping the attribute value in a block:

first_name { "Daenerys" }

To automatically update from static attributes to dynamic ones,
install rubocop-rspec and run:

rubocop \
  --require rubocop-rspec \
  --only FactoryBot/AttributeDefinedStatically \
  --auto-correct

. (called from block (2 levels) in <top (required)> at /Users/Austin_MacBook/Development/Flatiron-Official/Module-2/Rails/rails-form_for-lab-houston-web-111918/spec/factories/students.rb:3)
DEPRECATION WARNING: Static attributes will be removed in FactoryBot 5.0. Please use dynamic
attributes instead by wrapping the attribute value in a block:

last_name { "Targaryen" }

To automatically update from static attributes to dynamic ones,
install rubocop-rspec and run:

rubocop \
  --require rubocop-rspec \
  --only FactoryBot/AttributeDefinedStatically \
  --auto-correct

. (called from block (2 levels) in <top (required)> at /Users/Austin_MacBook/Development/Flatiron-Official/Module-2/Rails/rails-form_for-lab-houston-web-111918/spec/factories/students.rb:4)
DEPRECATION WARNING: Static attributes will be removed in FactoryBot 5.0. Please use dynamic
attributes instead by wrapping the attribute value in a block:

title { "Computer Science" }

To automatically update from static attributes to dynamic ones,
install rubocop-rspec and run:

rubocop \
  --require rubocop-rspec \
  --only FactoryBot/AttributeDefinedStatically \
  --auto-correct

. (called from block (2 levels) in <top (required)> at /Users/Austin_MacBook/Development/Flatiron-Official/Module-2/Rails/rails-form_for-lab-houston-web-111918/spec/factories/school_classes.rb:3)
DEPRECATION WARNING: Static attributes will be removed in FactoryBot 5.0. Please use dynamic
attributes instead by wrapping the attribute value in a block:

room_number { 5 }

To automatically update from static attributes to dynamic ones,
install rubocop-rspec and run:

rubocop \
  --require rubocop-rspec \
  --only FactoryBot/AttributeDefinedStatically \
  --auto-correct

. (called from block (2 levels) in <top (required)> at /Users/Austin_MacBook/Development/Flatiron-Official/Module-2/Rails/rails-form_for-lab-houston-web-111918/spec/factories/school_classes.rb:4)
DEPRECATION WARNING: Static attributes will be removed in FactoryBot 5.0. Please use dynamic
attributes instead by wrapping the attribute value in a block:

first_name { "Daenerys" }

To automatically update from static attributes to dynamic ones,
install rubocop-rspec and run:

rubocop \
  --require rubocop-rspec \
  --only FactoryBot/AttributeDefinedStatically \
  --auto-correct

. (called from block (2 levels) in <top (required)> at /Users/Austin_MacBook/Development/Flatiron-Official/Module-2/Rails/rails-form_for-lab-houston-web-111918/spec/factories/students.rb:3)
DEPRECATION WARNING: Static attributes will be removed in FactoryBot 5.0. Please use dynamic
attributes instead by wrapping the attribute value in a block:

last_name { "Targaryen" }

To automatically update from static attributes to dynamic ones,
install rubocop-rspec and run:

rubocop \
  --require rubocop-rspec \
  --only FactoryBot/AttributeDefinedStatically \
  --auto-correct

. (called from block (2 levels) in <top (required)> at /Users/Austin_MacBook/Development/Flatiron-Official/Module-2/Rails/rails-form_for-lab-houston-web-111918/spec/factories/students.rb:4)


Started GET "/" for ::1 at 2018-12-18 20:26:25 -0600
  [1m[36mActiveRecord::SchemaMigration Load (0.5ms)[0m  [1mSELECT "schema_migrations".* FROM "schema_migrations"[0m

ActiveRecord::PendingMigrationError (

Migrations are pending. To resolve this issue, run:

	bin/rake db:migrate RAILS_ENV=development

):
  activerecord (4.2.11) lib/active_record/migration.rb:392:in `check_pending!'
  activerecord (4.2.11) lib/active_record/migration.rb:373:in `call'
  actionpack (4.2.11) lib/action_dispatch/middleware/callbacks.rb:29:in `block in call'
  activesupport (4.2.11) lib/active_support/callbacks.rb:88:in `__run_callbacks__'
  activesupport (4.2.11) lib/active_support/callbacks.rb:778:in `_run_call_callbacks'
  activesupport (4.2.11) lib/active_support/callbacks.rb:81:in `run_callbacks'
  actionpack (4.2.11) lib/action_dispatch/middleware/callbacks.rb:27:in `call'
  actionpack (4.2.11) lib/action_dispatch/middleware/reloader.rb:73:in `call'
  actionpack (4.2.11) lib/action_dispatch/middleware/remote_ip.rb:78:in `call'
  actionpack (4.2.11) lib/action_dispatch/middleware/debug_exceptions.rb:17:in `call'
  actionpack (4.2.11) lib/action_dispatch/middleware/show_exceptions.rb:30:in `call'
  railties (4.2.11) lib/rails/rack/logger.rb:38:in `call_app'
  railties (4.2.11) lib/rails/rack/logger.rb:20:in `block in call'
  activesupport (4.2.11) lib/active_support/tagged_logging.rb:68:in `block in tagged'
  activesupport (4.2.11) lib/active_support/tagged_logging.rb:26:in `tagged'
  activesupport (4.2.11) lib/active_support/tagged_logging.rb:68:in `tagged'
  railties (4.2.11) lib/rails/rack/logger.rb:20:in `call'
  actionpack (4.2.11) lib/action_dispatch/middleware/request_id.rb:21:in `call'
  rack (1.6.11) lib/rack/methodoverride.rb:22:in `call'
  rack (1.6.11) lib/rack/runtime.rb:18:in `call'
  activesupport (4.2.11) lib/active_support/cache/strategy/local_cache_middleware.rb:28:in `call'
  rack (1.6.11) lib/rack/lock.rb:17:in `call'
  actionpack (4.2.11) lib/action_dispatch/middleware/static.rb:120:in `call'
  rack (1.6.11) lib/rack/sendfile.rb:113:in `call'
  railties (4.2.11) lib/rails/engine.rb:518:in `call'
  railties (4.2.11) lib/rails/application.rb:165:in `call'
  rack (1.6.11) lib/rack/lock.rb:17:in `call'
  rack (1.6.11) lib/rack/content_length.rb:15:in `call'
  rack (1.6.11) lib/rack/handler/webrick.rb:88:in `service'
  /Users/Austin_MacBook/.rvm/rubies/ruby-2.5.1/lib/ruby/2.5.0/webrick/httpserver.rb:140:in `service'
  /Users/Austin_MacBook/.rvm/rubies/ruby-2.5.1/lib/ruby/2.5.0/webrick/httpserver.rb:96:in `run'
  /Users/Austin_MacBook/.rvm/rubies/ruby-2.5.1/lib/ruby/2.5.0/webrick/server.rb:307:in `block in start_thread'


  Rendered /Users/Austin_MacBook/.rvm/gems/ruby-2.5.1/gems/actionpack-4.2.11/lib/action_dispatch/middleware/templates/rescues/_source.erb (2.5ms)
  Rendered /Users/Austin_MacBook/.rvm/gems/ruby-2.5.1/gems/actionpack-4.2.11/lib/action_dispatch/middleware/templates/rescues/_trace.html.erb (1.4ms)
  Rendered /Users/Austin_MacBook/.rvm/gems/ruby-2.5.1/gems/actionpack-4.2.11/lib/action_dispatch/middleware/templates/rescues/_request_and_response.html.erb (0.9ms)
  Rendered /Users/Austin_MacBook/.rvm/gems/ruby-2.5.1/gems/actionpack-4.2.11/lib/action_dispatch/middleware/templates/rescues/diagnostics.html.erb within rescues/layout (81.0ms)
DEPRECATION WARNING: Static attributes will be removed in FactoryBot 5.0. Please use dynamic
attributes instead by wrapping the attribute value in a block:

title { "Computer Science" }

To automatically update from static attributes to dynamic ones,
install rubocop-rspec and run:

rubocop \
  --require rubocop-rspec \
  --only FactoryBot/AttributeDefinedStatically \
  --auto-correct

. (called from block (2 levels) in <top (required)> at /Users/Austin_MacBook/Development/Flatiron-Official/Module-2/Rails/rails-form_for-lab-houston-web-111918/spec/factories/school_classes.rb:3)
DEPRECATION WARNING: Static attributes will be removed in FactoryBot 5.0. Please use dynamic
attributes instead by wrapping the attribute value in a block:

room_number { 5 }

To automatically update from static attributes to dynamic ones,
install rubocop-rspec and run:

rubocop \
  --require rubocop-rspec \
  --only FactoryBot/AttributeDefinedStatically \
  --auto-correct

. (called from block (2 levels) in <top (required)> at /Users/Austin_MacBook/Development/Flatiron-Official/Module-2/Rails/rails-form_for-lab-houston-web-111918/spec/factories/school_classes.rb:4)
DEPRECATION WARNING: Static attributes will be removed in FactoryBot 5.0. Please use dynamic
attributes instead by wrapping the attribute value in a block:

first_name { "Daenerys" }

To automatically update from static attributes to dynamic ones,
install rubocop-rspec and run:

rubocop \
  --require rubocop-rspec \
  --only FactoryBot/AttributeDefinedStatically \
  --auto-correct

. (called from block (2 levels) in <top (required)> at /Users/Austin_MacBook/Development/Flatiron-Official/Module-2/Rails/rails-form_for-lab-houston-web-111918/spec/factories/students.rb:3)
DEPRECATION WARNING: Static attributes will be removed in FactoryBot 5.0. Please use dynamic
attributes instead by wrapping the attribute value in a block:

last_name { "Targaryen" }

To automatically update from static attributes to dynamic ones,
install rubocop-rspec and run:

rubocop \
  --require rubocop-rspec \
  --only FactoryBot/AttributeDefinedStatically \
  --auto-correct

. (called from block (2 levels) in <top (required)> at /Users/Austin_MacBook/Development/Flatiron-Official/Module-2/Rails/rails-form_for-lab-houston-web-111918/spec/factories/students.rb:4)
  [1m[36mActiveRecord::SchemaMigration Load (0.4ms)[0m  [1mSELECT "schema_migrations".* FROM "schema_migrations"[0m
Migrating to CreateSchoolClasses (20181219014617)
  [1m[35m (0.1ms)[0m  begin transaction
  [1m[36m (0.5ms)[0m  [1mCREATE TABLE "school_classes" ("id" INTEGER PRIMARY KEY AUTOINCREMENT NOT NULL, "title" varchar, "room_number" integer, "created_at" datetime NOT NULL, "updated_at" datetime NOT NULL) [0m
  [1m[35mSQL (0.3ms)[0m  INSERT INTO "schema_migrations" ("version") VALUES (?)  [["version", "20181219014617"]]
  [1m[36m (1.3ms)[0m  [1mcommit transaction[0m
  [1m[35mActiveRecord::SchemaMigration Load (0.1ms)[0m  SELECT "schema_migrations".* FROM "schema_migrations"
DEPRECATION WARNING: Static attributes will be removed in FactoryBot 5.0. Please use dynamic
attributes instead by wrapping the attribute value in a block:

title { "Computer Science" }

To automatically update from static attributes to dynamic ones,
install rubocop-rspec and run:

rubocop \
  --require rubocop-rspec \
  --only FactoryBot/AttributeDefinedStatically \
  --auto-correct

. (called from block (2 levels) in <top (required)> at /Users/Austin_MacBook/Development/Flatiron-Official/Module-2/Rails/rails-form_for-lab-houston-web-111918/spec/factories/school_classes.rb:3)
DEPRECATION WARNING: Static attributes will be removed in FactoryBot 5.0. Please use dynamic
attributes instead by wrapping the attribute value in a block:

room_number { 5 }

To automatically update from static attributes to dynamic ones,
install rubocop-rspec and run:

rubocop \
  --require rubocop-rspec \
  --only FactoryBot/AttributeDefinedStatically \
  --auto-correct

. (called from block (2 levels) in <top (required)> at /Users/Austin_MacBook/Development/Flatiron-Official/Module-2/Rails/rails-form_for-lab-houston-web-111918/spec/factories/school_classes.rb:4)
DEPRECATION WARNING: Static attributes will be removed in FactoryBot 5.0. Please use dynamic
attributes instead by wrapping the attribute value in a block:

first_name { "Daenerys" }

To automatically update from static attributes to dynamic ones,
install rubocop-rspec and run:

rubocop \
  --require rubocop-rspec \
  --only FactoryBot/AttributeDefinedStatically \
  --auto-correct

. (called from block (2 levels) in <top (required)> at /Users/Austin_MacBook/Development/Flatiron-Official/Module-2/Rails/rails-form_for-lab-houston-web-111918/spec/factories/students.rb:3)
DEPRECATION WARNING: Static attributes will be removed in FactoryBot 5.0. Please use dynamic
attributes instead by wrapping the attribute value in a block:

last_name { "Targaryen" }

To automatically update from static attributes to dynamic ones,
install rubocop-rspec and run:

rubocop \
  --require rubocop-rspec \
  --only FactoryBot/AttributeDefinedStatically \
  --auto-correct

. (called from block (2 levels) in <top (required)> at /Users/Austin_MacBook/Development/Flatiron-Official/Module-2/Rails/rails-form_for-lab-houston-web-111918/spec/factories/students.rb:4)


Started GET "/" for ::1 at 2018-12-18 20:26:47 -0600
  [1m[36mActiveRecord::SchemaMigration Load (0.1ms)[0m  [1mSELECT "schema_migrations".* FROM "schema_migrations"[0m
Processing by Rails::WelcomeController#index as HTML
  Rendered /Users/Austin_MacBook/.rvm/gems/ruby-2.5.1/gems/railties-4.2.11/lib/rails/templates/rails/welcome/index.html.erb (2.0ms)
Completed 200 OK in 20ms (Views: 13.6ms | ActiveRecord: 0.0ms)


Started GET "/" for ::1 at 2018-12-18 20:26:51 -0600
Processing by Rails::WelcomeController#index as HTML
  Rendered /Users/Austin_MacBook/.rvm/gems/ruby-2.5.1/gems/railties-4.2.11/lib/rails/templates/rails/welcome/index.html.erb (0.0ms)
Completed 200 OK in 3ms (Views: 2.8ms | ActiveRecord: 0.0ms)


Started GET "/students/new" for ::1 at 2018-12-18 20:26:52 -0600
Processing by StudentsController#new as HTML
  Rendered students/new.html.erb within layouts/application (5.5ms)
Completed 500 Internal Server Error in 16ms (ActiveRecord: 0.0ms)

ActionView::Template::Error (First argument in form cannot contain nil or be empty):
    1: <h3>Student Form</h3>
    2: 
    3: <%= form_for(@student) do |f| %>
    4:   <label>First Name:</label>
    5:   <%= f.text_field :first_name %>
    6: 
  app/views/students/new.html.erb:3:in `_app_views_students_new_html_erb__2512425587802914290_70229893807100'


  Rendered /Users/Austin_MacBook/.rvm/gems/ruby-2.5.1/gems/actionpack-4.2.11/lib/action_dispatch/middleware/templates/rescues/_source.erb (4.5ms)
  Rendered /Users/Austin_MacBook/.rvm/gems/ruby-2.5.1/gems/actionpack-4.2.11/lib/action_dispatch/middleware/templates/rescues/_trace.html.erb (2.5ms)
  Rendered /Users/Austin_MacBook/.rvm/gems/ruby-2.5.1/gems/actionpack-4.2.11/lib/action_dispatch/middleware/templates/rescues/_request_and_response.html.erb (0.8ms)
  Rendered /Users/Austin_MacBook/.rvm/gems/ruby-2.5.1/gems/actionpack-4.2.11/lib/action_dispatch/middleware/templates/rescues/template_error.html.erb within rescues/layout (73.3ms)


Started GET "/students" for ::1 at 2018-12-18 20:26:54 -0600
Processing by StudentsController#index as HTML
  [1m[35mStudent Load (0.1ms)[0m  SELECT "students".* FROM "students"
  Rendered students/index.html.erb within layouts/application (3.7ms)
Completed 200 OK in 837ms (Views: 834.5ms | ActiveRecord: 0.4ms)


Started GET "/students" for ::1 at 2018-12-18 20:26:54 -0600
Processing by StudentsController#index as HTML
  [1m[36mStudent Load (0.2ms)[0m  [1mSELECT "students".* FROM "students"[0m
  Rendered students/index.html.erb within layouts/application (1.2ms)
Completed 200 OK in 23ms (Views: 22.6ms | ActiveRecord: 0.2ms)


Started GET "/assets/school_classes.self-e3b0c44298fc1c149afbf4c8996fb92427ae41e4649b934ca495991b7852b855.css?body=1" for ::1 at 2018-12-18 20:26:55 -0600


Started GET "/assets/school_classes.self-877aef30ae1b040ab8a3aba4e3e309a11d7f2612f44dde450b5c157aa5f95c05.js?body=1" for ::1 at 2018-12-18 20:26:55 -0600


Started GET "/students/new" for ::1 at 2018-12-18 20:26:59 -0600
Processing by StudentsController#new as HTML
  Rendered students/new.html.erb within layouts/application (2.2ms)
Completed 500 Internal Server Error in 9ms (ActiveRecord: 0.0ms)

ActionView::Template::Error (First argument in form cannot contain nil or be empty):
    1: <h3>Student Form</h3>
    2: 
    3: <%= form_for(@student) do |f| %>
    4:   <label>First Name:</label>
    5:   <%= f.text_field :first_name %>
    6: 
  app/views/students/new.html.erb:3:in `_app_views_students_new_html_erb__2512425587802914290_70229893807100'


  Rendered /Users/Austin_MacBook/.rvm/gems/ruby-2.5.1/gems/actionpack-4.2.11/lib/action_dispatch/middleware/templates/rescues/_source.erb (7.2ms)
  Rendered /Users/Austin_MacBook/.rvm/gems/ruby-2.5.1/gems/actionpack-4.2.11/lib/action_dispatch/middleware/templates/rescues/_trace.html.erb (2.3ms)
  Rendered /Users/Austin_MacBook/.rvm/gems/ruby-2.5.1/gems/actionpack-4.2.11/lib/action_dispatch/middleware/templates/rescues/_request_and_response.html.erb (0.8ms)
  Rendered /Users/Austin_MacBook/.rvm/gems/ruby-2.5.1/gems/actionpack-4.2.11/lib/action_dispatch/middleware/templates/rescues/template_error.html.erb within rescues/layout (77.3ms)


Started GET "/students/new" for ::1 at 2018-12-18 20:27:00 -0600
Processing by StudentsController#new as HTML
  Rendered students/new.html.erb within layouts/application (2.3ms)
Completed 500 Internal Server Error in 9ms (ActiveRecord: 0.0ms)

ActionView::Template::Error (First argument in form cannot contain nil or be empty):
    1: <h3>Student Form</h3>
    2: 
    3: <%= form_for(@student) do |f| %>
    4:   <label>First Name:</label>
    5:   <%= f.text_field :first_name %>
    6: 
  app/views/students/new.html.erb:3:in `_app_views_students_new_html_erb__2512425587802914290_70229893807100'


  Rendered /Users/Austin_MacBook/.rvm/gems/ruby-2.5.1/gems/actionpack-4.2.11/lib/action_dispatch/middleware/templates/rescues/_source.erb (4.1ms)
  Rendered /Users/Austin_MacBook/.rvm/gems/ruby-2.5.1/gems/actionpack-4.2.11/lib/action_dispatch/middleware/templates/rescues/_trace.html.erb (2.7ms)
  Rendered /Users/Austin_MacBook/.rvm/gems/ruby-2.5.1/gems/actionpack-4.2.11/lib/action_dispatch/middleware/templates/rescues/_request_and_response.html.erb (1.3ms)
  Rendered /Users/Austin_MacBook/.rvm/gems/ruby-2.5.1/gems/actionpack-4.2.11/lib/action_dispatch/middleware/templates/rescues/template_error.html.erb within rescues/layout (75.4ms)


Started GET "/students/new" for ::1 at 2018-12-18 20:27:58 -0600
Processing by StudentsController#new as HTML
  Rendered students/new.html.erb within layouts/application (2.1ms)
Completed 500 Internal Server Error in 9ms (ActiveRecord: 0.0ms)

ActionView::Template::Error (First argument in form cannot contain nil or be empty):
    1: <h3>Student Form</h3>
    2: 
    3: <%= form_for(@student) do |f| %>
    4:   <label>First Name:</label>
    5:   <%= f.text_field :first_name %>
    6: 
  app/views/students/new.html.erb:3:in `_app_views_students_new_html_erb__2512425587802914290_70229893807100'


  Rendered /Users/Austin_MacBook/.rvm/gems/ruby-2.5.1/gems/actionpack-4.2.11/lib/action_dispatch/middleware/templates/rescues/_source.erb (4.9ms)
  Rendered /Users/Austin_MacBook/.rvm/gems/ruby-2.5.1/gems/actionpack-4.2.11/lib/action_dispatch/middleware/templates/rescues/_trace.html.erb (2.4ms)
  Rendered /Users/Austin_MacBook/.rvm/gems/ruby-2.5.1/gems/actionpack-4.2.11/lib/action_dispatch/middleware/templates/rescues/_request_and_response.html.erb (0.9ms)
  Rendered /Users/Austin_MacBook/.rvm/gems/ruby-2.5.1/gems/actionpack-4.2.11/lib/action_dispatch/middleware/templates/rescues/template_error.html.erb within rescues/layout (78.6ms)


Started GET "/students/new" for ::1 at 2018-12-18 20:30:24 -0600
Processing by StudentsController#new as HTML
  Rendered students/new.html.erb within layouts/application (17.5ms)
Completed 200 OK in 45ms (Views: 39.7ms | ActiveRecord: 0.4ms)


Started POST "/students" for ::1 at 2018-12-18 20:30:46 -0600
Processing by StudentsController#create as HTML
  Parameters: {"utf8"=>"✓", "authenticity_token"=>"PZHE4vZO0kmLObm47Q9k5kF/Pozfrk0N67fCETa30yBtP5V6CppaFsh7SECO1mZDRExSVVP5VswmUja2BUZywQ==", "student"=>{"first_name"=>"Claire", "last_name"=>"Nguyen"}, "commit"=>"Create Student"}
  [1m[35m (0.1ms)[0m  begin transaction
  [1m[36mSQL (0.4ms)[0m  [1mINSERT INTO "students" ("first_name", "last_name", "created_at", "updated_at") VALUES (?, ?, ?, ?)[0m  [["first_name", "Claire"], ["last_name", "Nguyen"], ["created_at", "2018-12-19 02:30:46.165294"], ["updated_at", "2018-12-19 02:30:46.165294"]]
  [1m[35m (1.0ms)[0m  commit transaction
Redirected to http://localhost:3000/students
Completed 302 Found in 4ms (ActiveRecord: 1.5ms)


Started GET "/students" for ::1 at 2018-12-18 20:30:46 -0600
Processing by StudentsController#index as HTML
  [1m[36mStudent Load (0.3ms)[0m  [1mSELECT "students".* FROM "students"[0m
  Rendered students/index.html.erb within layouts/application (1.6ms)
Completed 200 OK in 19ms (Views: 18.1ms | ActiveRecord: 0.3ms)


Started GET "/students/new" for ::1 at 2018-12-18 20:33:10 -0600
Processing by StudentsController#new as HTML
  Rendered students/new.html.erb within layouts/application (1.0ms)
Completed 200 OK in 17ms (Views: 16.5ms | ActiveRecord: 0.0ms)


Started GET "/students/new" for ::1 at 2018-12-18 20:33:11 -0600
Processing by StudentsController#new as HTML
  Rendered students/new.html.erb within layouts/application (0.8ms)
Completed 200 OK in 16ms (Views: 15.3ms | ActiveRecord: 0.0ms)


Started POST "/students" for ::1 at 2018-12-18 20:33:20 -0600
Processing by StudentsController#create as HTML
  Parameters: {"utf8"=>"✓", "authenticity_token"=>"HMBpvvUCFQFDIwDadrCsj5gpAYcMTARPzAjjxmSrwxNMbjgmCdadXgBh8SIVaa4qnRptXoAbH44B7RdhV1pi8g==", "student"=>{"first_name"=>"Ryan", "last_name"=>"Daley"}, "commit"=>"Create Student"}
  [1m[35m (0.1ms)[0m  begin transaction
  [1m[36mSQL (0.5ms)[0m  [1mINSERT INTO "students" ("first_name", "last_name", "created_at", "updated_at") VALUES (?, ?, ?, ?)[0m  [["first_name", "Ryan"], ["last_name", "Daley"], ["created_at", "2018-12-19 02:33:20.847631"], ["updated_at", "2018-12-19 02:33:20.847631"]]
  [1m[35m (0.9ms)[0m  commit transaction
Redirected to http://localhost:3000/students
Completed 302 Found in 4ms (ActiveRecord: 1.4ms)


Started GET "/students" for ::1 at 2018-12-18 20:33:20 -0600
Processing by StudentsController#index as HTML
  [1m[36mStudent Load (0.1ms)[0m  [1mSELECT "students".* FROM "students"[0m
  Rendered students/index.html.erb within layouts/application (0.7ms)
Completed 200 OK in 19ms (Views: 18.9ms | ActiveRecord: 0.1ms)


Started GET "/students/4" for ::1 at 2018-12-18 20:33:23 -0600
Processing by StudentsController#show as HTML
  Parameters: {"id"=>"4"}
  [1m[35mStudent Load (0.3ms)[0m  SELECT  "students".* FROM "students" WHERE "students"."id" = ? LIMIT 1  [["id", 4]]
  Rendered students/show.html.erb within layouts/application (0.5ms)
Completed 200 OK in 32ms (Views: 24.1ms | ActiveRecord: 0.3ms)


Started GET "/students/4/edit" for ::1 at 2018-12-18 20:33:29 -0600
Processing by StudentsController#edit as HTML
  Parameters: {"id"=>"4"}
  [1m[36mStudent Load (0.1ms)[0m  [1mSELECT  "students".* FROM "students" WHERE "students"."id" = ? LIMIT 1[0m  [["id", 4]]
  Rendered students/edit.html.erb within layouts/application (1.2ms)
Completed 200 OK in 18ms (Views: 16.7ms | ActiveRecord: 0.1ms)


Started PATCH "/students/4" for ::1 at 2018-12-18 20:33:38 -0600
Processing by StudentsController#update as HTML
  Parameters: {"utf8"=>"✓", "authenticity_token"=>"iBeuWOqzPWVOnkdmyWYJ7kTTGfXyQVqZVCD22YC6qBTYuf/AFme1Og3ctp6qvwtLQeB1LH4WQViZxQJ+s0sJ9Q==", "student"=>{"first_name"=>"Ryan", "last_name"=>"Daleyyy"}, "commit"=>"Update Student", "id"=>"4"}
Completed 500 Internal Server Error in 4ms (ActiveRecord: 0.0ms)

ActionView::MissingTemplate (Missing template students/update, application/update with {:locale=>[:en], :formats=>[:html], :variants=>[], :handlers=>[:erb, :builder, :raw, :ruby, :coffee, :jbuilder]}. Searched in:
  * "/Users/Austin_MacBook/Development/Flatiron-Official/Module-2/Rails/rails-form_for-lab-houston-web-111918/app/views"
):
  actionview (4.2.11) lib/action_view/path_set.rb:46:in `find'
  actionview (4.2.11) lib/action_view/lookup_context.rb:121:in `find'
  actionview (4.2.11) lib/action_view/renderer/abstract_renderer.rb:18:in `find_template'
  actionview (4.2.11) lib/action_view/renderer/template_renderer.rb:40:in `determine_template'
  actionview (4.2.11) lib/action_view/renderer/template_renderer.rb:8:in `render'
  actionview (4.2.11) lib/action_view/renderer/renderer.rb:46:in `render_template'
  actionview (4.2.11) lib/action_view/renderer/renderer.rb:27:in `render'
  actionview (4.2.11) lib/action_view/rendering.rb:100:in `_render_template'
  actionpack (4.2.11) lib/action_controller/metal/streaming.rb:217:in `_render_template'
  actionview (4.2.11) lib/action_view/rendering.rb:83:in `render_to_body'
  actionpack (4.2.11) lib/action_controller/metal/rendering.rb:32:in `render_to_body'
  actionpack (4.2.11) lib/action_controller/metal/renderers.rb:37:in `render_to_body'
  actionpack (4.2.11) lib/abstract_controller/rendering.rb:25:in `render'
  actionpack (4.2.11) lib/action_controller/metal/rendering.rb:16:in `render'
  actionpack (4.2.11) lib/action_controller/metal/instrumentation.rb:44:in `block (2 levels) in render'
  activesupport (4.2.11) lib/active_support/core_ext/benchmark.rb:12:in `block in ms'
  /Users/Austin_MacBook/.rvm/rubies/ruby-2.5.1/lib/ruby/2.5.0/benchmark.rb:308:in `realtime'
  activesupport (4.2.11) lib/active_support/core_ext/benchmark.rb:12:in `ms'
  actionpack (4.2.11) lib/action_controller/metal/instrumentation.rb:44:in `block in render'
  actionpack (4.2.11) lib/action_controller/metal/instrumentation.rb:87:in `cleanup_view_runtime'
  activerecord (4.2.11) lib/active_record/railties/controller_runtime.rb:25:in `cleanup_view_runtime'
  actionpack (4.2.11) lib/action_controller/metal/instrumentation.rb:43:in `render'
  actionpack (4.2.11) lib/action_controller/metal/implicit_render.rb:10:in `default_render'
  actionpack (4.2.11) lib/action_controller/metal/implicit_render.rb:5:in `send_action'
  actionpack (4.2.11) lib/abstract_controller/base.rb:198:in `process_action'
  actionpack (4.2.11) lib/action_controller/metal/rendering.rb:10:in `process_action'
  actionpack (4.2.11) lib/abstract_controller/callbacks.rb:20:in `block in process_action'
  activesupport (4.2.11) lib/active_support/callbacks.rb:117:in `call'
  activesupport (4.2.11) lib/active_support/callbacks.rb:555:in `block (2 levels) in compile'
  activesupport (4.2.11) lib/active_support/callbacks.rb:505:in `call'
  activesupport (4.2.11) lib/active_support/callbacks.rb:92:in `__run_callbacks__'
  activesupport (4.2.11) lib/active_support/callbacks.rb:778:in `_run_process_action_callbacks'
  activesupport (4.2.11) lib/active_support/callbacks.rb:81:in `run_callbacks'
  actionpack (4.2.11) lib/abstract_controller/callbacks.rb:19:in `process_action'
  actionpack (4.2.11) lib/action_controller/metal/rescue.rb:29:in `process_action'
  actionpack (4.2.11) lib/action_controller/metal/instrumentation.rb:32:in `block in process_action'
  activesupport (4.2.11) lib/active_support/notifications.rb:164:in `block in instrument'
  activesupport (4.2.11) lib/active_support/notifications/instrumenter.rb:20:in `instrument'
  activesupport (4.2.11) lib/active_support/notifications.rb:164:in `instrument'
  actionpack (4.2.11) lib/action_controller/metal/instrumentation.rb:30:in `process_action'
  actionpack (4.2.11) lib/action_controller/metal/params_wrapper.rb:250:in `process_action'
  activerecord (4.2.11) lib/active_record/railties/controller_runtime.rb:18:in `process_action'
  actionpack (4.2.11) lib/abstract_controller/base.rb:137:in `process'
  actionview (4.2.11) lib/action_view/rendering.rb:30:in `process'
  actionpack (4.2.11) lib/action_controller/metal.rb:196:in `dispatch'
  actionpack (4.2.11) lib/action_controller/metal/rack_delegation.rb:13:in `dispatch'
  actionpack (4.2.11) lib/action_controller/metal.rb:237:in `block in action'
  actionpack (4.2.11) lib/action_dispatch/routing/route_set.rb:74:in `dispatch'
  actionpack (4.2.11) lib/action_dispatch/routing/route_set.rb:43:in `serve'
  actionpack (4.2.11) lib/action_dispatch/journey/router.rb:43:in `block in serve'
  actionpack (4.2.11) lib/action_dispatch/journey/router.rb:30:in `each'
  actionpack (4.2.11) lib/action_dispatch/journey/router.rb:30:in `serve'
  actionpack (4.2.11) lib/action_dispatch/routing/route_set.rb:817:in `call'
  rack (1.6.11) lib/rack/etag.rb:24:in `call'
  rack (1.6.11) lib/rack/conditionalget.rb:38:in `call'
  rack (1.6.11) lib/rack/head.rb:13:in `call'
  actionpack (4.2.11) lib/action_dispatch/middleware/params_parser.rb:27:in `call'
  actionpack (4.2.11) lib/action_dispatch/middleware/flash.rb:260:in `call'
  rack (1.6.11) lib/rack/session/abstract/id.rb:225:in `context'
  rack (1.6.11) lib/rack/session/abstract/id.rb:220:in `call'
  actionpack (4.2.11) lib/action_dispatch/middleware/cookies.rb:560:in `call'
  activerecord (4.2.11) lib/active_record/query_cache.rb:36:in `call'
  activerecord (4.2.11) lib/active_record/connection_adapters/abstract/connection_pool.rb:653:in `call'
  activerecord (4.2.11) lib/active_record/migration.rb:377:in `call'
  actionpack (4.2.11) lib/action_dispatch/middleware/callbacks.rb:29:in `block in call'
  activesupport (4.2.11) lib/active_support/callbacks.rb:88:in `__run_callbacks__'
  activesupport (4.2.11) lib/active_support/callbacks.rb:778:in `_run_call_callbacks'
  activesupport (4.2.11) lib/active_support/callbacks.rb:81:in `run_callbacks'
  actionpack (4.2.11) lib/action_dispatch/middleware/callbacks.rb:27:in `call'
  actionpack (4.2.11) lib/action_dispatch/middleware/reloader.rb:73:in `call'
  actionpack (4.2.11) lib/action_dispatch/middleware/remote_ip.rb:78:in `call'
  actionpack (4.2.11) lib/action_dispatch/middleware/debug_exceptions.rb:17:in `call'
  actionpack (4.2.11) lib/action_dispatch/middleware/show_exceptions.rb:30:in `call'
  railties (4.2.11) lib/rails/rack/logger.rb:38:in `call_app'
  railties (4.2.11) lib/rails/rack/logger.rb:20:in `block in call'
  activesupport (4.2.11) lib/active_support/tagged_logging.rb:68:in `block in tagged'
  activesupport (4.2.11) lib/active_support/tagged_logging.rb:26:in `tagged'
  activesupport (4.2.11) lib/active_support/tagged_logging.rb:68:in `tagged'
  railties (4.2.11) lib/rails/rack/logger.rb:20:in `call'
  actionpack (4.2.11) lib/action_dispatch/middleware/request_id.rb:21:in `call'
  rack (1.6.11) lib/rack/methodoverride.rb:22:in `call'
  rack (1.6.11) lib/rack/runtime.rb:18:in `call'
  activesupport (4.2.11) lib/active_support/cache/strategy/local_cache_middleware.rb:28:in `call'
  rack (1.6.11) lib/rack/lock.rb:17:in `call'
  actionpack (4.2.11) lib/action_dispatch/middleware/static.rb:120:in `call'
  rack (1.6.11) lib/rack/sendfile.rb:113:in `call'
  railties (4.2.11) lib/rails/engine.rb:518:in `call'
  railties (4.2.11) lib/rails/application.rb:165:in `call'
  rack (1.6.11) lib/rack/lock.rb:17:in `call'
  rack (1.6.11) lib/rack/content_length.rb:15:in `call'
  rack (1.6.11) lib/rack/handler/webrick.rb:88:in `service'
  /Users/Austin_MacBook/.rvm/rubies/ruby-2.5.1/lib/ruby/2.5.0/webrick/httpserver.rb:140:in `service'
  /Users/Austin_MacBook/.rvm/rubies/ruby-2.5.1/lib/ruby/2.5.0/webrick/httpserver.rb:96:in `run'
  /Users/Austin_MacBook/.rvm/rubies/ruby-2.5.1/lib/ruby/2.5.0/webrick/server.rb:307:in `block in start_thread'


  Rendered /Users/Austin_MacBook/.rvm/gems/ruby-2.5.1/gems/actionpack-4.2.11/lib/action_dispatch/middleware/templates/rescues/_source.erb (4.0ms)
  Rendered /Users/Austin_MacBook/.rvm/gems/ruby-2.5.1/gems/actionpack-4.2.11/lib/action_dispatch/middleware/templates/rescues/_trace.html.erb (2.3ms)
  Rendered /Users/Austin_MacBook/.rvm/gems/ruby-2.5.1/gems/actionpack-4.2.11/lib/action_dispatch/middleware/templates/rescues/_request_and_response.html.erb (1.0ms)
  Rendered /Users/Austin_MacBook/.rvm/gems/ruby-2.5.1/gems/actionpack-4.2.11/lib/action_dispatch/middleware/templates/rescues/missing_template.html.erb within rescues/layout (77.1ms)


Started GET "/students/4" for ::1 at 2018-12-18 20:34:54 -0600
Processing by StudentsController#show as HTML
  Parameters: {"id"=>"4"}
  [1m[35mStudent Load (0.5ms)[0m  SELECT  "students".* FROM "students" WHERE "students"."id" = ? LIMIT 1  [["id", 4]]
  Rendered students/show.html.erb within layouts/application (0.1ms)
Completed 200 OK in 41ms (Views: 24.7ms | ActiveRecord: 2.0ms)


Started GET "/students/4/edit" for ::1 at 2018-12-18 20:34:57 -0600
Processing by StudentsController#edit as HTML
  Parameters: {"id"=>"4"}
  [1m[36mStudent Load (0.1ms)[0m  [1mSELECT  "students".* FROM "students" WHERE "students"."id" = ? LIMIT 1[0m  [["id", 4]]
  Rendered students/edit.html.erb within layouts/application (1.4ms)
Completed 200 OK in 18ms (Views: 17.2ms | ActiveRecord: 0.1ms)


Started GET "/students/4/edit" for ::1 at 2018-12-18 20:34:59 -0600
Processing by StudentsController#edit as HTML
  Parameters: {"id"=>"4"}
  [1m[35mStudent Load (0.1ms)[0m  SELECT  "students".* FROM "students" WHERE "students"."id" = ? LIMIT 1  [["id", 4]]
  Rendered students/edit.html.erb within layouts/application (0.9ms)
Completed 200 OK in 18ms (Views: 17.1ms | ActiveRecord: 0.1ms)


Started PATCH "/students/4" for ::1 at 2018-12-18 20:35:04 -0600
Processing by StudentsController#update as HTML
  Parameters: {"utf8"=>"✓", "authenticity_token"=>"sdtXGhR9m0Lc/lKN8lzKq+rWMCWThSHmaIHPzONHCujhdQaC6KkTHZ+8o3WRhcgO7+Vc/B/SOielZDtr0LarCQ==", "student"=>{"first_name"=>"Ryan", "last_name"=>"Daleyyy"}, "commit"=>"Update Student", "id"=>"4"}
  [1m[36mStudent Load (0.1ms)[0m  [1mSELECT  "students".* FROM "students" WHERE "students"."id" = ? LIMIT 1[0m  [["id", 4]]
  [1m[35m (0.0ms)[0m  begin transaction
  [1m[36mSQL (0.4ms)[0m  [1mUPDATE "students" SET "last_name" = ?, "updated_at" = ? WHERE "students"."id" = ?[0m  [["last_name", "Daleyyy"], ["updated_at", "2018-12-19 02:35:04.081843"], ["id", 4]]
  [1m[35m (1.3ms)[0m  commit transaction
Redirected to http://localhost:3000/students/4
Completed 302 Found in 4ms (ActiveRecord: 1.7ms)


Started GET "/students/4" for ::1 at 2018-12-18 20:35:04 -0600
Processing by StudentsController#show as HTML
  Parameters: {"id"=>"4"}
  [1m[36mStudent Load (0.1ms)[0m  [1mSELECT  "students".* FROM "students" WHERE "students"."id" = ? LIMIT 1[0m  [["id", 4]]
  Rendered students/show.html.erb within layouts/application (0.1ms)
Completed 200 OK in 17ms (Views: 16.4ms | ActiveRecord: 0.1ms)


Started GET "/students" for ::1 at 2018-12-18 20:35:08 -0600
Processing by StudentsController#index as HTML
  [1m[35mStudent Load (0.2ms)[0m  SELECT "students".* FROM "students"
  Rendered students/index.html.erb within layouts/application (0.9ms)
Completed 200 OK in 17ms (Views: 16.5ms | ActiveRecord: 0.2ms)


Started GET "/students" for ::1 at 2018-12-18 20:35:09 -0600
Processing by StudentsController#index as HTML
  [1m[36mStudent Load (0.1ms)[0m  [1mSELECT "students".* FROM "students"[0m
  Rendered students/index.html.erb within layouts/application (0.8ms)
Completed 200 OK in 17ms (Views: 16.4ms | ActiveRecord: 0.1ms)
DEPRECATION WARNING: Static attributes will be removed in FactoryBot 5.0. Please use dynamic
attributes instead by wrapping the attribute value in a block:

title { "Computer Science" }

To automatically update from static attributes to dynamic ones,
install rubocop-rspec and run:

rubocop \
  --require rubocop-rspec \
  --only FactoryBot/AttributeDefinedStatically \
  --auto-correct

. (called from block (2 levels) in <top (required)> at /Users/Austin_MacBook/Development/Flatiron-Official/Module-2/Rails/rails-form_for-lab-houston-web-111918/spec/factories/school_classes.rb:3)
DEPRECATION WARNING: Static attributes will be removed in FactoryBot 5.0. Please use dynamic
attributes instead by wrapping the attribute value in a block:

room_number { 5 }

To automatically update from static attributes to dynamic ones,
install rubocop-rspec and run:

rubocop \
  --require rubocop-rspec \
  --only FactoryBot/AttributeDefinedStatically \
  --auto-correct

. (called from block (2 levels) in <top (required)> at /Users/Austin_MacBook/Development/Flatiron-Official/Module-2/Rails/rails-form_for-lab-houston-web-111918/spec/factories/school_classes.rb:4)
DEPRECATION WARNING: Static attributes will be removed in FactoryBot 5.0. Please use dynamic
attributes instead by wrapping the attribute value in a block:

first_name { "Daenerys" }

To automatically update from static attributes to dynamic ones,
install rubocop-rspec and run:

rubocop \
  --require rubocop-rspec \
  --only FactoryBot/AttributeDefinedStatically \
  --auto-correct

. (called from block (2 levels) in <top (required)> at /Users/Austin_MacBook/Development/Flatiron-Official/Module-2/Rails/rails-form_for-lab-houston-web-111918/spec/factories/students.rb:3)
DEPRECATION WARNING: Static attributes will be removed in FactoryBot 5.0. Please use dynamic
attributes instead by wrapping the attribute value in a block:

last_name { "Targaryen" }

To automatically update from static attributes to dynamic ones,
install rubocop-rspec and run:

rubocop \
  --require rubocop-rspec \
  --only FactoryBot/AttributeDefinedStatically \
  --auto-correct

. (called from block (2 levels) in <top (required)> at /Users/Austin_MacBook/Development/Flatiron-Official/Module-2/Rails/rails-form_for-lab-houston-web-111918/spec/factories/students.rb:4)


Started GET "/students" for ::1 at 2018-12-18 20:46:29 -0600
  [1m[36mActiveRecord::SchemaMigration Load (0.4ms)[0m  [1mSELECT "schema_migrations".* FROM "schema_migrations"[0m
Processing by StudentsController#index as HTML
  [1m[35mStudent Load (0.4ms)[0m  SELECT "students".* FROM "students"
  Rendered students/index.html.erb within layouts/application (7.9ms)
Completed 200 OK in 239ms (Views: 230.1ms | ActiveRecord: 0.8ms)


Started GET "/" for ::1 at 2018-12-18 20:46:31 -0600
Processing by Rails::WelcomeController#index as HTML
  Rendered /Users/Austin_MacBook/.rvm/gems/ruby-2.5.1/gems/railties-4.2.11/lib/rails/templates/rails/welcome/index.html.erb (0.9ms)
Completed 200 OK in 6ms (Views: 5.6ms | ActiveRecord: 0.0ms)


Started GET "/" for ::1 at 2018-12-18 20:46:31 -0600
Processing by Rails::WelcomeController#index as HTML
  Rendered /Users/Austin_MacBook/.rvm/gems/ruby-2.5.1/gems/railties-4.2.11/lib/rails/templates/rails/welcome/index.html.erb (0.0ms)
Completed 200 OK in 3ms (Views: 2.3ms | ActiveRecord: 0.0ms)


Started GET "/" for ::1 at 2018-12-18 20:46:34 -0600
Processing by Rails::WelcomeController#index as HTML
  Rendered /Users/Austin_MacBook/.rvm/gems/ruby-2.5.1/gems/railties-4.2.11/lib/rails/templates/rails/welcome/index.html.erb (0.0ms)
Completed 200 OK in 3ms (Views: 2.2ms | ActiveRecord: 0.0ms)


Started GET "/students" for ::1 at 2018-12-18 20:46:41 -0600
Processing by StudentsController#index as HTML
  [1m[36mStudent Load (0.1ms)[0m  [1mSELECT "students".* FROM "students"[0m
  Rendered students/index.html.erb within layouts/application (0.7ms)
Completed 200 OK in 16ms (Views: 15.0ms | ActiveRecord: 0.1ms)


Started GET "/school_class" for ::1 at 2018-12-18 20:46:43 -0600

ActionController::RoutingError (No route matches [GET] "/school_class"):
  actionpack (4.2.11) lib/action_dispatch/middleware/debug_exceptions.rb:21:in `call'
  actionpack (4.2.11) lib/action_dispatch/middleware/show_exceptions.rb:30:in `call'
  railties (4.2.11) lib/rails/rack/logger.rb:38:in `call_app'
  railties (4.2.11) lib/rails/rack/logger.rb:20:in `block in call'
  activesupport (4.2.11) lib/active_support/tagged_logging.rb:68:in `block in tagged'
  activesupport (4.2.11) lib/active_support/tagged_logging.rb:26:in `tagged'
  activesupport (4.2.11) lib/active_support/tagged_logging.rb:68:in `tagged'
  railties (4.2.11) lib/rails/rack/logger.rb:20:in `call'
  actionpack (4.2.11) lib/action_dispatch/middleware/request_id.rb:21:in `call'
  rack (1.6.11) lib/rack/methodoverride.rb:22:in `call'
  rack (1.6.11) lib/rack/runtime.rb:18:in `call'
  activesupport (4.2.11) lib/active_support/cache/strategy/local_cache_middleware.rb:28:in `call'
  rack (1.6.11) lib/rack/lock.rb:17:in `call'
  actionpack (4.2.11) lib/action_dispatch/middleware/static.rb:120:in `call'
  rack (1.6.11) lib/rack/sendfile.rb:113:in `call'
  railties (4.2.11) lib/rails/engine.rb:518:in `call'
  railties (4.2.11) lib/rails/application.rb:165:in `call'
  rack (1.6.11) lib/rack/lock.rb:17:in `call'
  rack (1.6.11) lib/rack/content_length.rb:15:in `call'
  rack (1.6.11) lib/rack/handler/webrick.rb:88:in `service'
  /Users/Austin_MacBook/.rvm/rubies/ruby-2.5.1/lib/ruby/2.5.0/webrick/httpserver.rb:140:in `service'
  /Users/Austin_MacBook/.rvm/rubies/ruby-2.5.1/lib/ruby/2.5.0/webrick/httpserver.rb:96:in `run'
  /Users/Austin_MacBook/.rvm/rubies/ruby-2.5.1/lib/ruby/2.5.0/webrick/server.rb:307:in `block in start_thread'


  Rendered /Users/Austin_MacBook/.rvm/gems/ruby-2.5.1/gems/actionpack-4.2.11/lib/action_dispatch/middleware/templates/rescues/_trace.html.erb (1.3ms)
  Rendered /Users/Austin_MacBook/.rvm/gems/ruby-2.5.1/gems/actionpack-4.2.11/lib/action_dispatch/middleware/templates/routes/_route.html.erb (1.3ms)
  Rendered /Users/Austin_MacBook/.rvm/gems/ruby-2.5.1/gems/actionpack-4.2.11/lib/action_dispatch/middleware/templates/routes/_table.html.erb (8.6ms)
  Rendered /Users/Austin_MacBook/.rvm/gems/ruby-2.5.1/gems/actionpack-4.2.11/lib/action_dispatch/middleware/templates/rescues/_request_and_response.html.erb (1.4ms)
  Rendered /Users/Austin_MacBook/.rvm/gems/ruby-2.5.1/gems/actionpack-4.2.11/lib/action_dispatch/middleware/templates/rescues/routing_error.html.erb within rescues/layout (119.0ms)
DEPRECATION WARNING: Static attributes will be removed in FactoryBot 5.0. Please use dynamic
attributes instead by wrapping the attribute value in a block:

title { "Computer Science" }

To automatically update from static attributes to dynamic ones,
install rubocop-rspec and run:

rubocop \
  --require rubocop-rspec \
  --only FactoryBot/AttributeDefinedStatically \
  --auto-correct

. (called from block (2 levels) in <top (required)> at /Users/Austin_MacBook/Development/Flatiron-Official/Module-2/Rails/rails-form_for-lab-houston-web-111918/spec/factories/school_classes.rb:3)
DEPRECATION WARNING: Static attributes will be removed in FactoryBot 5.0. Please use dynamic
attributes instead by wrapping the attribute value in a block:

room_number { 5 }

To automatically update from static attributes to dynamic ones,
install rubocop-rspec and run:

rubocop \
  --require rubocop-rspec \
  --only FactoryBot/AttributeDefinedStatically \
  --auto-correct

. (called from block (2 levels) in <top (required)> at /Users/Austin_MacBook/Development/Flatiron-Official/Module-2/Rails/rails-form_for-lab-houston-web-111918/spec/factories/school_classes.rb:4)
DEPRECATION WARNING: Static attributes will be removed in FactoryBot 5.0. Please use dynamic
attributes instead by wrapping the attribute value in a block:

first_name { "Daenerys" }

To automatically update from static attributes to dynamic ones,
install rubocop-rspec and run:

rubocop \
  --require rubocop-rspec \
  --only FactoryBot/AttributeDefinedStatically \
  --auto-correct

. (called from block (2 levels) in <top (required)> at /Users/Austin_MacBook/Development/Flatiron-Official/Module-2/Rails/rails-form_for-lab-houston-web-111918/spec/factories/students.rb:3)
DEPRECATION WARNING: Static attributes will be removed in FactoryBot 5.0. Please use dynamic
attributes instead by wrapping the attribute value in a block:

last_name { "Targaryen" }

To automatically update from static attributes to dynamic ones,
install rubocop-rspec and run:

rubocop \
  --require rubocop-rspec \
  --only FactoryBot/AttributeDefinedStatically \
  --auto-correct

. (called from block (2 levels) in <top (required)> at /Users/Austin_MacBook/Development/Flatiron-Official/Module-2/Rails/rails-form_for-lab-houston-web-111918/spec/factories/students.rb:4)
DEPRECATION WARNING: Static attributes will be removed in FactoryBot 5.0. Please use dynamic
attributes instead by wrapping the attribute value in a block:

title { "Computer Science" }

To automatically update from static attributes to dynamic ones,
install rubocop-rspec and run:

rubocop \
  --require rubocop-rspec \
  --only FactoryBot/AttributeDefinedStatically \
  --auto-correct

. (called from block (2 levels) in <top (required)> at /Users/Austin_MacBook/Development/Flatiron-Official/Module-2/Rails/rails-form_for-lab-houston-web-111918/spec/factories/school_classes.rb:3)
DEPRECATION WARNING: Static attributes will be removed in FactoryBot 5.0. Please use dynamic
attributes instead by wrapping the attribute value in a block:

room_number { 5 }

To automatically update from static attributes to dynamic ones,
install rubocop-rspec and run:

rubocop \
  --require rubocop-rspec \
  --only FactoryBot/AttributeDefinedStatically \
  --auto-correct

. (called from block (2 levels) in <top (required)> at /Users/Austin_MacBook/Development/Flatiron-Official/Module-2/Rails/rails-form_for-lab-houston-web-111918/spec/factories/school_classes.rb:4)
DEPRECATION WARNING: Static attributes will be removed in FactoryBot 5.0. Please use dynamic
attributes instead by wrapping the attribute value in a block:

first_name { "Daenerys" }

To automatically update from static attributes to dynamic ones,
install rubocop-rspec and run:

rubocop \
  --require rubocop-rspec \
  --only FactoryBot/AttributeDefinedStatically \
  --auto-correct

. (called from block (2 levels) in <top (required)> at /Users/Austin_MacBook/Development/Flatiron-Official/Module-2/Rails/rails-form_for-lab-houston-web-111918/spec/factories/students.rb:3)
DEPRECATION WARNING: Static attributes will be removed in FactoryBot 5.0. Please use dynamic
attributes instead by wrapping the attribute value in a block:

last_name { "Targaryen" }

To automatically update from static attributes to dynamic ones,
install rubocop-rspec and run:

rubocop \
  --require rubocop-rspec \
  --only FactoryBot/AttributeDefinedStatically \
  --auto-correct

. (called from block (2 levels) in <top (required)> at /Users/Austin_MacBook/Development/Flatiron-Official/Module-2/Rails/rails-form_for-lab-houston-web-111918/spec/factories/students.rb:4)


Started GET "/school_classes" for ::1 at 2018-12-18 20:47:23 -0600
  [1m[36mActiveRecord::SchemaMigration Load (0.5ms)[0m  [1mSELECT "schema_migrations".* FROM "schema_migrations"[0m
Processing by SchoolClassesController#index as HTML
  [1m[35mSchoolClass Load (0.4ms)[0m  SELECT "school_classes".* FROM "school_classes"
  Rendered school_classes/index.html.erb within layouts/application (3.4ms)
Completed 200 OK in 251ms (Views: 243.3ms | ActiveRecord: 0.5ms)


Started GET "/school_classes" for ::1 at 2018-12-18 20:48:36 -0600
Processing by SchoolClassesController#index as HTML
  [1m[36mSchoolClass Load (0.1ms)[0m  [1mSELECT "school_classes".* FROM "school_classes"[0m
  Rendered school_classes/index.html.erb within layouts/application (0.5ms)
Completed 200 OK in 22ms (Views: 21.3ms | ActiveRecord: 0.1ms)


Started GET "/school_classes/1" for ::1 at 2018-12-18 20:50:15 -0600
Processing by SchoolClassesController#show as HTML
  Parameters: {"id"=>"1"}
  [1m[35mSchoolClass Load (0.2ms)[0m  SELECT  "school_classes".* FROM "school_classes" WHERE "school_classes"."id" = ? LIMIT 1  [["id", 1]]
Completed 404 Not Found in 6ms (ActiveRecord: 0.3ms)

ActiveRecord::RecordNotFound (Couldn't find SchoolClass with 'id'=1):
  app/controllers/school_classes_controller.rb:8:in `show'


  Rendered /Users/Austin_MacBook/.rvm/gems/ruby-2.5.1/gems/actionpack-4.2.11/lib/action_dispatch/middleware/templates/rescues/_source.erb (3.1ms)
  Rendered /Users/Austin_MacBook/.rvm/gems/ruby-2.5.1/gems/actionpack-4.2.11/lib/action_dispatch/middleware/templates/rescues/_trace.html.erb (1.9ms)
  Rendered /Users/Austin_MacBook/.rvm/gems/ruby-2.5.1/gems/actionpack-4.2.11/lib/action_dispatch/middleware/templates/rescues/_request_and_response.html.erb (0.8ms)
  Rendered /Users/Austin_MacBook/.rvm/gems/ruby-2.5.1/gems/actionpack-4.2.11/lib/action_dispatch/middleware/templates/rescues/diagnostics.html.erb within rescues/layout (80.7ms)
DEPRECATION WARNING: Static attributes will be removed in FactoryBot 5.0. Please use dynamic
attributes instead by wrapping the attribute value in a block:

title { "Computer Science" }

To automatically update from static attributes to dynamic ones,
install rubocop-rspec and run:

rubocop \
  --require rubocop-rspec \
  --only FactoryBot/AttributeDefinedStatically \
  --auto-correct

. (called from block (2 levels) in <top (required)> at /Users/Austin_MacBook/Development/Flatiron-Official/Module-2/Rails/rails-form_for-lab-houston-web-111918/spec/factories/school_classes.rb:3)
DEPRECATION WARNING: Static attributes will be removed in FactoryBot 5.0. Please use dynamic
attributes instead by wrapping the attribute value in a block:

room_number { 5 }

To automatically update from static attributes to dynamic ones,
install rubocop-rspec and run:

rubocop \
  --require rubocop-rspec \
  --only FactoryBot/AttributeDefinedStatically \
  --auto-correct

. (called from block (2 levels) in <top (required)> at /Users/Austin_MacBook/Development/Flatiron-Official/Module-2/Rails/rails-form_for-lab-houston-web-111918/spec/factories/school_classes.rb:4)
DEPRECATION WARNING: Static attributes will be removed in FactoryBot 5.0. Please use dynamic
attributes instead by wrapping the attribute value in a block:

first_name { "Daenerys" }

To automatically update from static attributes to dynamic ones,
install rubocop-rspec and run:

rubocop \
  --require rubocop-rspec \
  --only FactoryBot/AttributeDefinedStatically \
  --auto-correct

. (called from block (2 levels) in <top (required)> at /Users/Austin_MacBook/Development/Flatiron-Official/Module-2/Rails/rails-form_for-lab-houston-web-111918/spec/factories/students.rb:3)
DEPRECATION WARNING: Static attributes will be removed in FactoryBot 5.0. Please use dynamic
attributes instead by wrapping the attribute value in a block:

last_name { "Targaryen" }

To automatically update from static attributes to dynamic ones,
install rubocop-rspec and run:

rubocop \
  --require rubocop-rspec \
  --only FactoryBot/AttributeDefinedStatically \
  --auto-correct

. (called from block (2 levels) in <top (required)> at /Users/Austin_MacBook/Development/Flatiron-Official/Module-2/Rails/rails-form_for-lab-houston-web-111918/spec/factories/students.rb:4)


Started GET "/school_classes/new" for ::1 at 2018-12-18 20:55:00 -0600
  [1m[36mActiveRecord::SchemaMigration Load (0.4ms)[0m  [1mSELECT "schema_migrations".* FROM "schema_migrations"[0m
Processing by SchoolClassesController#new as HTML
  Rendered school_classes/new.html.erb within layouts/application (22.6ms)
Completed 200 OK in 258ms (Views: 246.3ms | ActiveRecord: 0.4ms)


Started POST "/school_classes" for ::1 at 2018-12-18 20:55:11 -0600
Processing by SchoolClassesController#create as HTML
  Parameters: {"utf8"=>"✓", "authenticity_token"=>"HMGWg1rwT/owsxySKwMil83g1J+MsgII1mVTdrhELkxMb8cbpiTHpXPx7WpI2iAyyNO4RgDlGckbgKfRi7WPrQ==", "school_class"=>{"title"=>"Programming", "room_number"=>"105"}, "commit"=>"Create School class"}
  [1m[35m (0.1ms)[0m  begin transaction
  [1m[36mSQL (0.9ms)[0m  [1mINSERT INTO "school_classes" ("title", "room_number", "created_at", "updated_at") VALUES (?, ?, ?, ?)[0m  [["title", "Programming"], ["room_number", 105], ["created_at", "2018-12-19 02:55:11.492420"], ["updated_at", "2018-12-19 02:55:11.492420"]]
  [1m[35m (1.1ms)[0m  commit transaction
Completed 500 Internal Server Error in 5ms (ActiveRecord: 2.1ms)

ActionController::UrlGenerationError (No route matches {:action=>"show", :controller=>"school_classes"} missing required keys: [:id]):
  app/controllers/school_classes_controller.rb:17:in `create'


  Rendered /Users/Austin_MacBook/.rvm/gems/ruby-2.5.1/gems/actionpack-4.2.11/lib/action_dispatch/middleware/templates/rescues/_source.erb (7.5ms)
  Rendered /Users/Austin_MacBook/.rvm/gems/ruby-2.5.1/gems/actionpack-4.2.11/lib/action_dispatch/middleware/templates/rescues/_trace.html.erb (4.6ms)
  Rendered /Users/Austin_MacBook/.rvm/gems/ruby-2.5.1/gems/actionpack-4.2.11/lib/action_dispatch/middleware/templates/rescues/_request_and_response.html.erb (3.4ms)
  Rendered /Users/Austin_MacBook/.rvm/gems/ruby-2.5.1/gems/actionpack-4.2.11/lib/action_dispatch/middleware/templates/rescues/diagnostics.html.erb within rescues/layout (85.6ms)


Started GET "/school_classes" for ::1 at 2018-12-18 20:56:16 -0600
Processing by SchoolClassesController#index as HTML
  [1m[36mSchoolClass Load (0.3ms)[0m  [1mSELECT "school_classes".* FROM "school_classes"[0m
  Rendered school_classes/index.html.erb within layouts/application (10.5ms)
Completed 500 Internal Server Error in 24ms (ActiveRecord: 0.5ms)

ActionView::Template::Error (no implicit conversion of Integer into String):
    1: <% @school_classes.each do |school_class| %>
    2:   <div>
    3:     <%= link_to school_class.to_s, school_class_path(school_class) %>
    4:   </div>
    5: <% end %>
  app/models/school_class.rb:3:in `+'
  app/models/school_class.rb:3:in `to_s'
  app/views/school_classes/index.html.erb:3:in `block in _app_views_school_classes_index_html_erb__4581098654542527519_70114746734100'
  app/views/school_classes/index.html.erb:1:in `_app_views_school_classes_index_html_erb__4581098654542527519_70114746734100'


  Rendered /Users/Austin_MacBook/.rvm/gems/ruby-2.5.1/gems/actionpack-4.2.11/lib/action_dispatch/middleware/templates/rescues/_source.erb (4.6ms)
  Rendered /Users/Austin_MacBook/.rvm/gems/ruby-2.5.1/gems/actionpack-4.2.11/lib/action_dispatch/middleware/templates/rescues/_trace.html.erb (2.5ms)
  Rendered /Users/Austin_MacBook/.rvm/gems/ruby-2.5.1/gems/actionpack-4.2.11/lib/action_dispatch/middleware/templates/rescues/_request_and_response.html.erb (0.8ms)
  Rendered /Users/Austin_MacBook/.rvm/gems/ruby-2.5.1/gems/actionpack-4.2.11/lib/action_dispatch/middleware/templates/rescues/template_error.html.erb within rescues/layout (76.1ms)


Started GET "/school_classes" for ::1 at 2018-12-18 20:56:52 -0600
Processing by SchoolClassesController#index as HTML
  [1m[35mSchoolClass Load (0.3ms)[0m  SELECT "school_classes".* FROM "school_classes"
  Rendered school_classes/index.html.erb within layouts/application (4.3ms)
Completed 200 OK in 30ms (Views: 28.1ms | ActiveRecord: 0.6ms)


Started GET "/school_classes/new" for ::1 at 2018-12-18 20:57:02 -0600
Processing by SchoolClassesController#new as HTML
  Rendered school_classes/new.html.erb within layouts/application (1.1ms)
Completed 200 OK in 19ms (Views: 18.5ms | ActiveRecord: 0.0ms)


Started GET "/school_classes/new" for ::1 at 2018-12-18 20:57:04 -0600
Processing by SchoolClassesController#new as HTML
  Rendered school_classes/new.html.erb within layouts/application (0.8ms)
Completed 200 OK in 17ms (Views: 16.9ms | ActiveRecord: 0.0ms)


Started POST "/school_classes" for ::1 at 2018-12-18 20:57:11 -0600
Processing by SchoolClassesController#create as HTML
  Parameters: {"utf8"=>"✓", "authenticity_token"=>"5RLd2rS7aTwoN1YhSV1YHgUz+IYICQ9v7dRiJAzeryi1vIxCSG/hY2t1p9kqhFq7AACUX4ReFK4gMZaDPy8OyQ==", "school_class"=>{"title"=>"Math", "room_number"=>"335"}, "commit"=>"Create School class"}
  [1m[36m (0.0ms)[0m  [1mbegin transaction[0m
  [1m[35mSQL (0.3ms)[0m  INSERT INTO "school_classes" ("title", "room_number", "created_at", "updated_at") VALUES (?, ?, ?, ?)  [["title", "Math"], ["room_number", 335], ["created_at", "2018-12-19 02:57:11.304705"], ["updated_at", "2018-12-19 02:57:11.304705"]]
  [1m[36m (1.4ms)[0m  [1mcommit transaction[0m
Redirected to http://localhost:3000/school_classes
Completed 302 Found in 4ms (ActiveRecord: 1.8ms)


Started GET "/school_classes" for ::1 at 2018-12-18 20:57:11 -0600
Processing by SchoolClassesController#index as HTML
  [1m[35mSchoolClass Load (0.1ms)[0m  SELECT "school_classes".* FROM "school_classes"
  Rendered school_classes/index.html.erb within layouts/application (0.7ms)
Completed 200 OK in 17ms (Views: 16.5ms | ActiveRecord: 0.1ms)


Started GET "/school_classes/1" for ::1 at 2018-12-18 20:57:14 -0600
Processing by SchoolClassesController#show as HTML
  Parameters: {"id"=>"1"}
  [1m[36mSchoolClass Load (0.2ms)[0m  [1mSELECT  "school_classes".* FROM "school_classes" WHERE "school_classes"."id" = ? LIMIT 1[0m  [["id", 1]]
  Rendered school_classes/show.html.erb within layouts/application (0.4ms)
Completed 200 OK in 23ms (Views: 16.8ms | ActiveRecord: 0.2ms)


Started GET "/school_classes/new" for ::1 at 2018-12-18 20:57:14 -0600
Processing by SchoolClassesController#new as HTML
  Rendered school_classes/new.html.erb within layouts/application (0.9ms)
Completed 200 OK in 17ms (Views: 16.3ms | ActiveRecord: 0.0ms)


Started GET "/school_classes/new" for ::1 at 2018-12-18 20:57:15 -0600
Processing by SchoolClassesController#new as HTML
  Rendered school_classes/new.html.erb within layouts/application (0.8ms)
Completed 200 OK in 23ms (Views: 22.8ms | ActiveRecord: 0.0ms)


Started POST "/school_classes" for ::1 at 2018-12-18 20:57:23 -0600
Processing by SchoolClassesController#create as HTML
  Parameters: {"utf8"=>"✓", "authenticity_token"=>"PcD0+kAaasKNZDniM8fNxKfNpTml0pVU8iG8XQ2WJ25tbqVivM7inc4myBpQHs9hov7J4CmFjpU/xEj6PmeGjw==", "school_class"=>{"title"=>"English", "room_number"=>"1120"}, "commit"=>"Create School class"}
  [1m[35m (0.0ms)[0m  begin transaction
  [1m[36mSQL (0.3ms)[0m  [1mINSERT INTO "school_classes" ("title", "room_number", "created_at", "updated_at") VALUES (?, ?, ?, ?)[0m  [["title", "English"], ["room_number", 1120], ["created_at", "2018-12-19 02:57:23.050352"], ["updated_at", "2018-12-19 02:57:23.050352"]]
  [1m[35m (1.1ms)[0m  commit transaction
Redirected to http://localhost:3000/school_classes
Completed 302 Found in 3ms (ActiveRecord: 1.5ms)


Started GET "/school_classes" for ::1 at 2018-12-18 20:57:23 -0600
Processing by SchoolClassesController#index as HTML
  [1m[36mSchoolClass Load (0.1ms)[0m  [1mSELECT "school_classes".* FROM "school_classes"[0m
  Rendered school_classes/index.html.erb within layouts/application (0.7ms)
Completed 200 OK in 17ms (Views: 16.5ms | ActiveRecord: 0.1ms)


Started GET "/school_classes/1" for ::1 at 2018-12-18 20:57:27 -0600
Processing by SchoolClassesController#show as HTML
  Parameters: {"id"=>"1"}
  [1m[35mSchoolClass Load (0.1ms)[0m  SELECT  "school_classes".* FROM "school_classes" WHERE "school_classes"."id" = ? LIMIT 1  [["id", 1]]
  Rendered school_classes/show.html.erb within layouts/application (0.1ms)
Completed 200 OK in 16ms (Views: 14.7ms | ActiveRecord: 0.1ms)


Started GET "/school_classes/2/edit" for ::1 at 2018-12-18 20:57:30 -0600
Processing by SchoolClassesController#edit as HTML
  Parameters: {"id"=>"2"}
  [1m[36mSchoolClass Load (0.1ms)[0m  [1mSELECT  "school_classes".* FROM "school_classes" WHERE "school_classes"."id" = ? LIMIT 1[0m  [["id", 2]]
  Rendered school_classes/edit.html.erb within layouts/application (1.1ms)
Completed 200 OK in 19ms (Views: 17.3ms | ActiveRecord: 0.1ms)


Started PATCH "/school_classes/2" for ::1 at 2018-12-18 20:57:39 -0600
Processing by SchoolClassesController#update as HTML
  Parameters: {"utf8"=>"✓", "authenticity_token"=>"uOQ7r51oBPNGcbvQ1ltcgojeZH65mjmlJDuD2KEj18foSmo3YbyMrAUzSii1gl4nje0IpzXNImTp3nd/ktJ2Jg==", "school_class"=>{"title"=>"Math", "room_number"=>"3305"}, "commit"=>"Update School class", "id"=>"2"}
  [1m[35mSchoolClass Load (0.1ms)[0m  SELECT  "school_classes".* FROM "school_classes" WHERE "school_classes"."id" = ? LIMIT 1  [["id", 2]]
  [1m[36m (0.0ms)[0m  [1mbegin transaction[0m
  [1m[35mSQL (0.3ms)[0m  UPDATE "school_classes" SET "room_number" = ?, "updated_at" = ? WHERE "school_classes"."id" = ?  [["room_number", 3305], ["updated_at", "2018-12-19 02:57:39.020255"], ["id", 2]]
  [1m[36m (1.1ms)[0m  [1mcommit transaction[0m
Redirected to http://localhost:3000/school_classes/2
Completed 302 Found in 4ms (ActiveRecord: 1.5ms)


Started GET "/school_classes/2" for ::1 at 2018-12-18 20:57:39 -0600
Processing by SchoolClassesController#show as HTML
  Parameters: {"id"=>"2"}
  [1m[35mSchoolClass Load (0.1ms)[0m  SELECT  "school_classes".* FROM "school_classes" WHERE "school_classes"."id" = ? LIMIT 1  [["id", 2]]
  Rendered school_classes/show.html.erb within layouts/application (0.2ms)
Completed 200 OK in 19ms (Views: 17.7ms | ActiveRecord: 0.1ms)


Started GET "/school_classes/2" for ::1 at 2018-12-18 20:57:43 -0600
Processing by SchoolClassesController#show as HTML
  Parameters: {"id"=>"2"}
  [1m[36mSchoolClass Load (0.1ms)[0m  [1mSELECT  "school_classes".* FROM "school_classes" WHERE "school_classes"."id" = ? LIMIT 1[0m  [["id", 2]]
  Rendered school_classes/show.html.erb within layouts/application (0.1ms)
Completed 200 OK in 17ms (Views: 15.8ms | ActiveRecord: 0.1ms)


Started GET "/school_classes" for ::1 at 2018-12-18 20:57:43 -0600
Processing by SchoolClassesController#index as HTML
  [1m[35mSchoolClass Load (0.1ms)[0m  SELECT "school_classes".* FROM "school_classes"
  Rendered school_classes/index.html.erb within layouts/application (0.8ms)
Completed 200 OK in 18ms (Views: 17.0ms | ActiveRecord: 0.1ms)


Started GET "/school_classes" for ::1 at 2018-12-18 20:57:44 -0600
Processing by SchoolClassesController#index as HTML
  [1m[36mSchoolClass Load (0.2ms)[0m  [1mSELECT "school_classes".* FROM "school_classes"[0m
  Rendered school_classes/index.html.erb within layouts/application (1.0ms)
Completed 200 OK in 25ms (Views: 23.9ms | ActiveRecord: 0.2ms)
